<?xml version="1.0" encoding="UTF-8"?>
<!-- Generated by org.testng.reporters.JUnitReportReporter -->
<testsuite skipped="0" hostname="MacBook-Pro-6.local" name="com.flink.tests.EndtoEnd_TC1" tests="1" failures="0" timestamp="08 Sep 2021 07:03:44 GMT" time="26.298" errors="0">
  <testcase name="endtoEnd_TC1" time="26.298" classname="com.flink.tests.EndtoEnd_TC1"/>
</testsuite> <!-- com.flink.tests.EndtoEnd_TC1 -->
